#
# There is insufficient memory for the Java Runtime Environment to continue.
# Native memory allocation (mmap) failed to map 262144000 bytes for committing reserved memory.
# Possible reasons:
#   The system is out of physical RAM or swap space
#   The process is running with CompressedOops enabled, and the Java Heap may be blocking the growth of the native heap
# Possible solutions:
#   Reduce memory load on the system
#   Increase physical memory or swap space
#   Check if swap backing store is full
#   Decrease Java heap size (-Xmx/-Xms)
#   Decrease number of Java threads
#   Decrease Java thread stack sizes (-Xss)
#   Set larger code cache with -XX:ReservedCodeCacheSize=
# This output file may be truncated or incomplete.
#
#  Out of Memory Error (os_linux.cpp:2720), pid=840, tid=844
#
# JRE version:  (11.0.2+9) (build )
# Java VM: OpenJDK 64-Bit Server VM (11.0.2+9, mixed mode, aot, sharing, tiered, compressed oops, g1 gc, linux-amd64)
# Core dump will be written. Default location: Core dumps may be processed with "/usr/share/apport/apport %p %s %c %d %P %E" (or dumping to /home/ayan/sandbox/hotwaxCommerce/Moqui/moqui-framework/core.840)
#

---------------  S U M M A R Y ------------

Command Line: -Dmoqui.conf=conf/MoquiDevConf.xml -Dmoqui.runtime=runtime -XX:-OmitStackTraceInFastThrow -Dfile.encoding=UTF-8 -Duser.country=IN -Duser.language=en -Duser.variant moqui.war

Host: Intel(R) Core(TM) i5-8250U CPU @ 1.60GHz, 8 cores, 15G, Ubuntu 16.04.7 LTS
Time: Fri Jun 16 11:47:17 2023 IST elapsed time: 0 seconds (0d 0h 0m 0s)

---------------  T H R E A D  ---------------

Current thread (0x00007f1234011800):  JavaThread "Unknown thread" [_thread_in_vm, id=844, stack(0x00007f123b837000,0x00007f123b938000)]

Stack: [0x00007f123b837000,0x00007f123b938000],  sp=0x00007f123b9362e0,  free space=1020k
Native frames: (J=compiled Java code, A=aot compiled Java code, j=interpreted, Vv=VM code, C=native code)
V  [libjvm.so+0xe27304]  VMError::report_and_die(int, char const*, char const*, __va_list_tag*, Thread*, unsigned char*, void*, void*, char const*, int, unsigned long)+0x314
V  [libjvm.so+0xe27f6b]  VMError::report_and_die(Thread*, char const*, int, unsigned long, VMErrorType, char const*, __va_list_tag*)+0x2b
V  [libjvm.so+0x6999c5]  report_vm_out_of_memory(char const*, int, unsigned long, VMErrorType, char const*, ...)+0xd5
V  [libjvm.so+0xc017e8]  os::pd_commit_memory_or_exit(char*, unsigned long, unsigned long, bool, char const*)+0x108
V  [libjvm.so+0xbf8d4d]  os::commit_memory_or_exit(char*, unsigned long, unsigned long, bool, char const*)+0x1d
V  [libjvm.so+0x7b116c]  G1PageBasedVirtualSpace::commit_preferred_pages(unsigned long, unsigned long)+0x6c
V  [libjvm.so+0x7b140e]  G1PageBasedVirtualSpace::commit(unsigned long, unsigned long)+0x5e
V  [libjvm.so+0x7bd1e0]  G1RegionsLargerThanCommitSizeMapper::commit_regions(unsigned int, unsigned long, WorkGang*)+0x40
V  [libjvm.so+0x838c29]  HeapRegionManager::commit_regions(unsigned int, unsigned long, WorkGang*)+0x89
V  [libjvm.so+0x83987f]  HeapRegionManager::make_regions_available(unsigned int, unsigned int, WorkGang*)+0x3f
V  [libjvm.so+0x839d09]  HeapRegionManager::expand_at(unsigned int, unsigned int, WorkGang*) [clone .part.44]+0x119
V  [libjvm.so+0x775c8f]  G1CollectedHeap::expand(unsigned long, WorkGang*, double*)+0xdf
V  [libjvm.so+0x77639d]  G1CollectedHeap::initialize()+0x68d
V  [libjvm.so+0xde1dc1]  Universe::initialize_heap()+0x41
V  [libjvm.so+0xde2086]  universe_init()+0x46
V  [libjvm.so+0x851f37]  init_globals()+0x57
V  [libjvm.so+0xdc11c7]  Threads::create_vm(JavaVMInitArgs*, bool*)+0x347
V  [libjvm.so+0x90e0e2]  JNI_CreateJavaVM+0x52
C  [libjli.so+0x4a66]  JavaMain+0x86


---------------  P R O C E S S  ---------------

Threads class SMR info:
_java_thread_list=0x0000000000c3b4e0, length=0, elements={
}

Java Threads: ( => current thread )

Other Threads:
  0x00007f1234039000 GCTaskThread "GC Thread#0" [stack: 0x00007f121c982000,0x00007f121ca82000] [id=845]
  0x00007f1234097000 ConcurrentGCThread "G1 Main Marker" [stack: 0x00007f120eb74000,0x00007f120ec74000] [id=846]
  0x00007f1234098800 ConcurrentGCThread "G1 Conc#0" [stack: 0x00007f120ea73000,0x00007f120eb73000] [id=847]

[error occurred during error reporting (printing all threads), id 0xb, SIGSEGV (0xb) at pc=0x00007f1239e22360]

VM state:not at safepoint (not fully initialized)

VM Mutex/Monitor currently owned by a thread:  ([mutex/lock_event])
[0x00007f123400dd60] Heap_lock - owner thread: 0x00007f1234011800

Heap address: 0x0000000707800000, size: 3976 MB, Compressed Oops mode: Non-zero based: 0x0000000707800000
Narrow klass base: 0x0000000000000000, Narrow klass shift: 0

GC Heap History (0 events):
No events

Deoptimization events (0 events):
No events

Classes redefined (0 events):
No events

Internal exceptions (0 events):
No events

Events (0 events):
No events


Dynamic libraries:
00400000-00401000 r-xp 00000000 103:02 3415449                           /opt/jdk-11.0.2/bin/java
00600000-00601000 r--p 00000000 103:02 3415449                           /opt/jdk-11.0.2/bin/java
00601000-00602000 rw-p 00001000 103:02 3415449                           /opt/jdk-11.0.2/bin/java
00c38000-00c59000 rw-p 00000000 00:00 0                                  [heap]
717200000-800000000 ---p 00000000 00:00 0 
7f1200000000-7f1200021000 rw-p 00000000 00:00 0 
7f1200021000-7f1204000000 ---p 00000000 00:00 0 
7f1207dbd000-7f1208000000 rw-p 00000000 00:00 0 
7f1208000000-7f1208021000 rw-p 00000000 00:00 0 
7f1208021000-7f120c000000 ---p 00000000 00:00 0 
7f120c12d000-7f120ea72000 rw-p 00000000 00:00 0 
7f120ea72000-7f120ea73000 ---p 00000000 00:00 0 
7f120ea73000-7f120eb73000 rw-p 00000000 00:00 0 
7f120eb73000-7f120eb74000 ---p 00000000 00:00 0 
7f120eb74000-7f120ec74000 rw-p 00000000 00:00 0 
7f120ec74000-7f1218000000 ---p 00000000 00:00 0 
7f1218000000-7f1218021000 rw-p 00000000 00:00 0 
7f1218021000-7f121c000000 ---p 00000000 00:00 0 
7f121c078000-7f121c981000 rw-p 00000000 00:00 0 
7f121c981000-7f121c982000 ---p 00000000 00:00 0 
7f121c982000-7f121ca87000 rw-p 00000000 00:00 0 
7f121ca87000-7f121cb6d000 ---p 00000000 00:00 0 
7f121cb6d000-7f121cb72000 rw-p 00000000 00:00 0 
7f121cb72000-7f121cc58000 ---p 00000000 00:00 0 
7f121cc58000-7f121cec8000 rwxp 00000000 00:00 0 
7f121cec8000-7f121d1e9000 ---p 00000000 00:00 0 
7f121d1e9000-7f121d459000 rwxp 00000000 00:00 0 
7f121d459000-7f1224720000 ---p 00000000 00:00 0 
7f1224720000-7f1224990000 rwxp 00000000 00:00 0 
7f1224990000-7f122bc58000 ---p 00000000 00:00 0 
7f122bc58000-7f1234000000 r--s 00000000 103:02 3415862                   /opt/jdk-11.0.2/lib/modules
7f1234000000-7f12340c7000 rw-p 00000000 00:00 0 
7f12340c7000-7f1238000000 ---p 00000000 00:00 0 
7f12380e6000-7f1238101000 r-xp 00000000 103:02 3415843                   /opt/jdk-11.0.2/lib/libjimage.so
7f1238101000-7f1238300000 ---p 0001b000 103:02 3415843                   /opt/jdk-11.0.2/lib/libjimage.so
7f1238300000-7f1238302000 r--p 0001a000 103:02 3415843                   /opt/jdk-11.0.2/lib/libjimage.so
7f1238302000-7f1238303000 rw-p 0001c000 103:02 3415843                   /opt/jdk-11.0.2/lib/libjimage.so
7f1238303000-7f123830a000 r-xp 00000000 103:02 3415861                   /opt/jdk-11.0.2/lib/libzip.so
7f123830a000-7f1238509000 ---p 00007000 103:02 3415861                   /opt/jdk-11.0.2/lib/libzip.so
7f1238509000-7f123850a000 r--p 00006000 103:02 3415861                   /opt/jdk-11.0.2/lib/libzip.so
7f123850a000-7f123850b000 rw-p 00007000 103:02 3415861                   /opt/jdk-11.0.2/lib/libzip.so
7f123850b000-7f1238516000 r-xp 00000000 103:02 3282707                   /lib/x86_64-linux-gnu/libnss_files-2.23.so
7f1238516000-7f1238715000 ---p 0000b000 103:02 3282707                   /lib/x86_64-linux-gnu/libnss_files-2.23.so
7f1238715000-7f1238716000 r--p 0000a000 103:02 3282707                   /lib/x86_64-linux-gnu/libnss_files-2.23.so
7f1238716000-7f1238717000 rw-p 0000b000 103:02 3282707                   /lib/x86_64-linux-gnu/libnss_files-2.23.so
7f1238717000-7f123871d000 rw-p 00000000 00:00 0 
7f123871d000-7f1238728000 r-xp 00000000 103:02 3282714                   /lib/x86_64-linux-gnu/libnss_nis-2.23.so
7f1238728000-7f1238927000 ---p 0000b000 103:02 3282714                   /lib/x86_64-linux-gnu/libnss_nis-2.23.so
7f1238927000-7f1238928000 r--p 0000a000 103:02 3282714                   /lib/x86_64-linux-gnu/libnss_nis-2.23.so
7f1238928000-7f1238929000 rw-p 0000b000 103:02 3282714                   /lib/x86_64-linux-gnu/libnss_nis-2.23.so
7f1238929000-7f123893f000 r-xp 00000000 103:02 3282715                   /lib/x86_64-linux-gnu/libnsl-2.23.so
7f123893f000-7f1238b3e000 ---p 00016000 103:02 3282715                   /lib/x86_64-linux-gnu/libnsl-2.23.so
7f1238b3e000-7f1238b3f000 r--p 00015000 103:02 3282715                   /lib/x86_64-linux-gnu/libnsl-2.23.so
7f1238b3f000-7f1238b40000 rw-p 00016000 103:02 3282715                   /lib/x86_64-linux-gnu/libnsl-2.23.so
7f1238b40000-7f1238b42000 rw-p 00000000 00:00 0 
7f1238b42000-7f1238b4a000 r-xp 00000000 103:02 3282717                   /lib/x86_64-linux-gnu/libnss_compat-2.23.so
7f1238b4a000-7f1238d49000 ---p 00008000 103:02 3282717                   /lib/x86_64-linux-gnu/libnss_compat-2.23.so
7f1238d49000-7f1238d4a000 r--p 00007000 103:02 3282717                   /lib/x86_64-linux-gnu/libnss_compat-2.23.so
7f1238d4a000-7f1238d4b000 rw-p 00008000 103:02 3282717                   /lib/x86_64-linux-gnu/libnss_compat-2.23.so
7f1238d4b000-7f1238d74000 r-xp 00000000 103:02 3415839                   /opt/jdk-11.0.2/lib/libjava.so
7f1238d74000-7f1238f73000 ---p 00029000 103:02 3415839                   /opt/jdk-11.0.2/lib/libjava.so
7f1238f73000-7f1238f74000 r--p 00028000 103:02 3415839                   /opt/jdk-11.0.2/lib/libjava.so
7f1238f74000-7f1238f76000 rw-p 00029000 103:02 3415839                   /opt/jdk-11.0.2/lib/libjava.so
7f1238f76000-7f1238f83000 r-xp 00000000 103:02 3415860                   /opt/jdk-11.0.2/lib/libverify.so
7f1238f83000-7f1239182000 ---p 0000d000 103:02 3415860                   /opt/jdk-11.0.2/lib/libverify.so
7f1239182000-7f1239184000 r--p 0000c000 103:02 3415860                   /opt/jdk-11.0.2/lib/libverify.so
7f1239184000-7f1239185000 rw-p 0000e000 103:02 3415860                   /opt/jdk-11.0.2/lib/libverify.so
7f1239185000-7f123918c000 r-xp 00000000 103:02 3282706                   /lib/x86_64-linux-gnu/librt-2.23.so
7f123918c000-7f123938b000 ---p 00007000 103:02 3282706                   /lib/x86_64-linux-gnu/librt-2.23.so
7f123938b000-7f123938c000 r--p 00006000 103:02 3282706                   /lib/x86_64-linux-gnu/librt-2.23.so
7f123938c000-7f123938d000 rw-p 00007000 103:02 3282706                   /lib/x86_64-linux-gnu/librt-2.23.so
7f123938d000-7f1239495000 r-xp 00000000 103:02 3282711                   /lib/x86_64-linux-gnu/libm-2.23.so
7f1239495000-7f1239694000 ---p 00108000 103:02 3282711                   /lib/x86_64-linux-gnu/libm-2.23.so
7f1239694000-7f1239695000 r--p 00107000 103:02 3282711                   /lib/x86_64-linux-gnu/libm-2.23.so
7f1239695000-7f1239696000 rw-p 00108000 103:02 3282711                   /lib/x86_64-linux-gnu/libm-2.23.so
7f1239696000-7f123a7d3000 r-xp 00000000 103:02 3415871                   /opt/jdk-11.0.2/lib/server/libjvm.so
7f123a7d3000-7f123a9d2000 ---p 0113d000 103:02 3415871                   /opt/jdk-11.0.2/lib/server/libjvm.so
7f123a9d2000-7f123aa91000 r--p 0113c000 103:02 3415871                   /opt/jdk-11.0.2/lib/server/libjvm.so
7f123aa91000-7f123aaca000 rw-p 011fb000 103:02 3415871                   /opt/jdk-11.0.2/lib/server/libjvm.so
7f123aaca000-7f123ab20000 rw-p 00000000 00:00 0 
7f123ab20000-7f123ace0000 r-xp 00000000 103:02 3282716                   /lib/x86_64-linux-gnu/libc-2.23.so
7f123ace0000-7f123aee0000 ---p 001c0000 103:02 3282716                   /lib/x86_64-linux-gnu/libc-2.23.so
7f123aee0000-7f123aee4000 r--p 001c0000 103:02 3282716                   /lib/x86_64-linux-gnu/libc-2.23.so
7f123aee4000-7f123aee6000 rw-p 001c4000 103:02 3282716                   /lib/x86_64-linux-gnu/libc-2.23.so
7f123aee6000-7f123aeea000 rw-p 00000000 00:00 0 
7f123aeea000-7f123aeed000 r-xp 00000000 103:02 3282703                   /lib/x86_64-linux-gnu/libdl-2.23.so
7f123aeed000-7f123b0ec000 ---p 00003000 103:02 3282703                   /lib/x86_64-linux-gnu/libdl-2.23.so
7f123b0ec000-7f123b0ed000 r--p 00002000 103:02 3282703                   /lib/x86_64-linux-gnu/libdl-2.23.so
7f123b0ed000-7f123b0ee000 rw-p 00003000 103:02 3282703                   /lib/x86_64-linux-gnu/libdl-2.23.so
7f123b0ee000-7f123b0fe000 r-xp 00000000 103:02 3415823                   /opt/jdk-11.0.2/lib/jli/libjli.so
7f123b0fe000-7f123b2fd000 ---p 00010000 103:02 3415823                   /opt/jdk-11.0.2/lib/jli/libjli.so
7f123b2fd000-7f123b2fe000 r--p 0000f000 103:02 3415823                   /opt/jdk-11.0.2/lib/jli/libjli.so
7f123b2fe000-7f123b2ff000 rw-p 00010000 103:02 3415823                   /opt/jdk-11.0.2/lib/jli/libjli.so
7f123b2ff000-7f123b317000 r-xp 00000000 103:02 3282698                   /lib/x86_64-linux-gnu/libpthread-2.23.so
7f123b317000-7f123b516000 ---p 00018000 103:02 3282698                   /lib/x86_64-linux-gnu/libpthread-2.23.so
7f123b516000-7f123b517000 r--p 00017000 103:02 3282698                   /lib/x86_64-linux-gnu/libpthread-2.23.so
7f123b517000-7f123b518000 rw-p 00018000 103:02 3282698                   /lib/x86_64-linux-gnu/libpthread-2.23.so
7f123b518000-7f123b51c000 rw-p 00000000 00:00 0 
7f123b51c000-7f123b535000 r-xp 00000000 103:02 3281773                   /lib/x86_64-linux-gnu/libz.so.1.2.8
7f123b535000-7f123b734000 ---p 00019000 103:02 3281773                   /lib/x86_64-linux-gnu/libz.so.1.2.8
7f123b734000-7f123b735000 r--p 00018000 103:02 3281773                   /lib/x86_64-linux-gnu/libz.so.1.2.8
7f123b735000-7f123b736000 rw-p 00019000 103:02 3281773                   /lib/x86_64-linux-gnu/libz.so.1.2.8
7f123b736000-7f123b75c000 r-xp 00000000 103:02 3282708                   /lib/x86_64-linux-gnu/ld-2.23.so
7f123b837000-7f123b83b000 ---p 00000000 00:00 0 
7f123b83b000-7f123b93d000 rw-p 00000000 00:00 0 
7f123b945000-7f123b94a000 rw-p 00000000 00:00 0 
7f123b94a000-7f123b951000 ---p 00000000 00:00 0 
7f123b951000-7f123b959000 rw-s 00000000 103:02 2365248                   /tmp/hsperfdata_ayan/840
7f123b959000-7f123b95a000 ---p 00000000 00:00 0 
7f123b95a000-7f123b95b000 r--p 00000000 00:00 0 
7f123b95b000-7f123b95c000 r--p 00025000 103:02 3282708                   /lib/x86_64-linux-gnu/ld-2.23.so
7f123b95c000-7f123b95d000 rw-p 00026000 103:02 3282708                   /lib/x86_64-linux-gnu/ld-2.23.so
7f123b95d000-7f123b95e000 rw-p 00000000 00:00 0 
7fff2d8e3000-7fff2d904000 rw-p 00000000 00:00 0                          [stack]
7fff2d980000-7fff2d983000 r--p 00000000 00:00 0                          [vvar]
7fff2d983000-7fff2d985000 r-xp 00000000 00:00 0                          [vdso]
ffffffffff600000-ffffffffff601000 r-xp 00000000 00:00 0                  [vsyscall]


VM Arguments:
jvm_args: -Dmoqui.conf=conf/MoquiDevConf.xml -Dmoqui.runtime=runtime -XX:-OmitStackTraceInFastThrow -Dfile.encoding=UTF-8 -Duser.country=IN -Duser.language=en -Duser.variant 
java_command: moqui.war
java_class_path (initial): moqui.war
Launcher Type: SUN_STANDARD

[Global flags]
     intx CICompilerCount                          = 4                                         {product} {ergonomic}
     uint ConcGCThreads                            = 2                                         {product} {ergonomic}
     uint G1ConcRefinementThreads                  = 8                                         {product} {ergonomic}
   size_t G1HeapRegionSize                         = 1048576                                   {product} {ergonomic}
    uintx GCDrainStackTargetSize                   = 64                                        {product} {ergonomic}
   size_t InitialHeapSize                          = 262144000                                 {product} {ergonomic}
   size_t MarkStackSize                            = 4194304                                   {product} {ergonomic}
   size_t MaxHeapSize                              = 4169138176                                {product} {ergonomic}
   size_t MinHeapDeltaBytes                        = 1048576                                   {product} {ergonomic}
    uintx NonNMethodCodeHeapSize                   = 5835340                                {pd product} {ergonomic}
    uintx NonProfiledCodeHeapSize                  = 122911450                              {pd product} {ergonomic}
     bool OmitStackTraceInFastThrow                = false                                     {product} {command line}
    uintx ProfiledCodeHeapSize                     = 122911450                              {pd product} {ergonomic}
    uintx ReservedCodeCacheSize                    = 251658240                              {pd product} {ergonomic}
     bool SegmentedCodeCache                       = true                                      {product} {ergonomic}
     bool UseCompressedClassPointers               = true                                 {lp64_product} {ergonomic}
     bool UseCompressedOops                        = true                                 {lp64_product} {ergonomic}
     bool UseG1GC                                  = true                                      {product} {ergonomic}

Logging:
Log output configuration:
 #0: stdout all=warning uptime,level,tags
 #1: stderr all=off uptime,level,tags

Environment Variables:
JAVA_HOME=/opt/jdk-11.0.2
PATH=/opt/jdk-11.0.2/bin:/home/ayan/bin:/home/ayan/.local/bin:/usr/local/sbin:/usr/local/bin:/usr/sbin:/usr/bin:/sbin:/bin:/usr/games:/usr/local/games:/snap/bin
LD_LIBRARY_PATH=/usr/local/lib
SHELL=/bin/bash
DISPLAY=:0

Signal Handlers:
SIGSEGV: [libjvm.so+0xe28d40], sa_mask[0]=11111111011111111101111111111110, sa_flags=SA_RESTART|SA_SIGINFO
SIGBUS: [libjvm.so+0xe28d40], sa_mask[0]=11111111011111111101111111111110, sa_flags=SA_RESTART|SA_SIGINFO
SIGFPE: [libjvm.so+0xe28d40], sa_mask[0]=11111111011111111101111111111110, sa_flags=SA_RESTART|SA_SIGINFO
SIGPIPE: [libjvm.so+0xbfd500], sa_mask[0]=11111111011111111101111111111110, sa_flags=SA_RESTART|SA_SIGINFO
SIGXFSZ: [libjvm.so+0xbfd500], sa_mask[0]=11111111011111111101111111111110, sa_flags=SA_RESTART|SA_SIGINFO
SIGILL: [libjvm.so+0xe28d40], sa_mask[0]=11111111011111111101111111111110, sa_flags=SA_RESTART|SA_SIGINFO
SIGUSR2: [libjvm.so+0xbfd3a0], sa_mask[0]=00100000000000000000000000000000, sa_flags=SA_RESTART|SA_SIGINFO
SIGHUP: SIG_DFL, sa_mask[0]=00000000000000000000000000000000, sa_flags=none
SIGINT: SIG_DFL, sa_mask[0]=00000000000000000000000000000000, sa_flags=none
SIGTERM: SIG_DFL, sa_mask[0]=00000000000000000000000000000000, sa_flags=none
SIGQUIT: SIG_DFL, sa_mask[0]=00000000000000000000000000000000, sa_flags=none


---------------  S Y S T E M  ---------------

OS:DISTRIB_ID=Ubuntu
DISTRIB_RELEASE=16.04
DISTRIB_CODENAME=xenial
DISTRIB_DESCRIPTION="Ubuntu 16.04.7 LTS"
uname:Linux 4.15.0-142-generic #146~16.04.1-Ubuntu SMP Tue Apr 13 09:27:15 UTC 2021 x86_64
libc:glibc 2.23 NPTL 2.23 
rlimit: STACK 8192k, CORE 0k, NPROC 63166, NOFILE 1048576, AS infinity, DATA infinity, FSIZE infinity
load average:5.66 3.06 1.92

/proc/meminfo:
MemTotal:       16280692 kB
MemFree:          157904 kB
MemAvailable:      77952 kB
Buffers:           11648 kB
Cached:          1308832 kB
SwapCached:        23000 kB
Active:         13496968 kB
Inactive:        2041996 kB
Active(anon):   13459852 kB
Inactive(anon):  1998628 kB
Active(file):      37116 kB
Inactive(file):    43368 kB
Unevictable:          64 kB
Mlocked:              64 kB
SwapTotal:       1000444 kB
SwapFree:              0 kB
Dirty:                 0 kB
Writeback:         13680 kB
AnonPages:      14196388 kB
Mapped:           455708 kB
Shmem:           1239444 kB
Slab:             289524 kB
SReclaimable:      95824 kB
SUnreclaim:       193700 kB
KernelStack:       36544 kB
PageTables:       151096 kB
NFS_Unstable:          0 kB
Bounce:                0 kB
WritebackTmp:          0 kB
CommitLimit:     9140788 kB
Committed_AS:   33902308 kB
VmallocTotal:   34359738367 kB
VmallocUsed:           0 kB
VmallocChunk:          0 kB
HardwareCorrupted:     0 kB
AnonHugePages:         0 kB
ShmemHugePages:        0 kB
ShmemPmdMapped:        0 kB
CmaTotal:              0 kB
CmaFree:               0 kB
HugePages_Total:       0
HugePages_Free:        0
HugePages_Rsvd:        0
HugePages_Surp:        0
Hugepagesize:       2048 kB
DirectMap4k:     1795704 kB
DirectMap2M:    14837760 kB
DirectMap1G:           0 kB


/proc/sys/kernel/threads-max (system-wide limit on the number of threads):
126332


/proc/sys/vm/max_map_count (maximum number of memory map areas a process may have):
65530


/proc/sys/kernel/pid_max (system-wide limit on number of process identifiers):
32768



container (cgroup) information:
container_type: cgroupv1
cpu_cpuset_cpus: 0-7
cpu_memory_nodes: 0
active_processor_count: 8
cpu_quota: -1
cpu_period: 100000
cpu_shares: -1
memory_limit_in_bytes: -1
memory_and_swap_limit_in_bytes: -2
memory_soft_limit_in_bytes: -1
memory_usage_in_bytes: 15467487232
memory_max_usage_in_bytes: 15752220672


CPU:total 8 (initial active 8) (4 cores per cpu, 2 threads per core) family 6 model 142 stepping 10, cmov, cx8, fxsr, mmx, sse, sse2, sse3, ssse3, sse4.1, sse4.2, popcnt, avx, avx2, aes, clmul, erms, 3dnowpref, lzcnt, ht, tsc, tscinvbit, bmi1, bmi2, adx, fma
CPU Model and flags from /proc/cpuinfo:
model name	: Intel(R) Core(TM) i5-8250U CPU @ 1.60GHz
flags		: fpu vme de pse tsc msr pae mce cx8 apic sep mtrr pge mca cmov pat pse36 clflush dts acpi mmx fxsr sse sse2 ss ht tm pbe syscall nx pdpe1gb rdtscp lm constant_tsc art arch_perfmon pebs bts rep_good nopl xtopology nonstop_tsc cpuid aperfmperf pni pclmulqdq dtes64 monitor ds_cpl vmx est tm2 ssse3 sdbg fma cx16 xtpr pdcm pcid sse4_1 sse4_2 x2apic movbe popcnt tsc_deadline_timer aes xsave avx f16c rdrand lahf_lm abm 3dnowprefetch cpuid_fault epb invpcid_single pti ssbd ibrs ibpb stibp tpr_shadow vnmi flexpriority ept vpid fsgsbase tsc_adjust bmi1 avx2 smep bmi2 erms invpcid mpx rdseed adx smap clflushopt intel_pt xsaveopt xsavec xgetbv1 xsaves dtherm ida arat pln pts hwp hwp_notify hwp_act_window hwp_epp md_clear flush_l1d

Memory: 4k page, physical 16280692k(157904k free), swap 1000444k(0k free)

vm_info: OpenJDK 64-Bit Server VM (11.0.2+9) for linux-amd64 JRE (11.0.2+9), built on Jan 17 2019 21:18:23 by "mach5one" with gcc 7.3.0

END.
